2024-04-21 22:02:41 :: INFO :: Sending request: https://economia.awesomeapi.com.br/last/DKK-USD,HKD-USD,MXN-USD,NOK-USD,PLN-USD,RUB-USD,SAR-USD,SEK-USD,TRY-USD,TWD-USD,VEF-USD,ZAR-USD,UYU-USD,PYG-USD,CLP-USD,COP-USD,PEN-USD,NIO-USD,BOB-USD,KRW-USD,EGP-USD,USD-BYN,USD-MZN,INR-USD,JOD-USD,KWD-USD,USD-AZN,USD-CNH,USD-KGS,USD-TJS,USD-RUB,MYR-USD,UAH-USD,HUF-USD,IDR-USD,USD-AOA,VND-USD,BYN-USD,XBR-USD,THB-USD,PHP-USD,USD-TMT,XAGG-USD,USD-MNT,USD-AFN,AFN-USD,SYP-USD,IRR-USD,IQD-USD,USD-NGNI,USD-ZWL,BRL-ARS,BRL-AUD,BRL-CAD,BRL-CHF,BRL-CLP,BRL-DKK,BRL-HKD,BRL-JPY,BRL-MXN,BRL-SGD,SGD-BRL,AED-BRL,BRL-AED,BRL-BBD,BRL-BHD,BRL-CNY,BRL-CZK,BRL-EGP,BRL-GBP,BRL-HUF,BRL-IDR,BRL-ILS,BRL-INR,BRL-ISK,BRL-JMD,BRL-JOD,BRL-KES,BRL-KRW,BRL-LBP,BRL-LKR,BRL-MAD,BRL-MYR,BRL-NAD,BRL-NOK,BRL-NPR,BRL-NZD,BRL-OMR,BRL-PAB,BRL-PHP,BRL-PKR,BRL-PLN,BRL-QAR,BRL-RON,BRL-RUB,BRL-SAR,BRL-SEK,BRL-THB,BRL-TRY,BRL-VEF
2024-04-21 22:02:41 :: DEBUG :: Starting new HTTPS connection (1): economia.awesomeapi.com.br:443
2024-04-21 22:02:42 :: DEBUG :: https://economia.awesomeapi.com.br:443 "GET /last/DKK-USD,HKD-USD,MXN-USD,NOK-USD,PLN-USD,RUB-USD,SAR-USD,SEK-USD,TRY-USD,TWD-USD,VEF-USD,ZAR-USD,UYU-USD,PYG-USD,CLP-USD,COP-USD,PEN-USD,NIO-USD,BOB-USD,KRW-USD,EGP-USD,USD-BYN,USD-MZN,INR-USD,JOD-USD,KWD-USD,USD-AZN,USD-CNH,USD-KGS,USD-TJS,USD-RUB,MYR-USD,UAH-USD,HUF-USD,IDR-USD,USD-AOA,VND-USD,BYN-USD,XBR-USD,THB-USD,PHP-USD,USD-TMT,XAGG-USD,USD-MNT,USD-AFN,AFN-USD,SYP-USD,IRR-USD,IQD-USD,USD-NGNI,USD-ZWL,BRL-ARS,BRL-AUD,BRL-CAD,BRL-CHF,BRL-CLP,BRL-DKK,BRL-HKD,BRL-JPY,BRL-MXN,BRL-SGD,SGD-BRL,AED-BRL,BRL-AED,BRL-BBD,BRL-BHD,BRL-CNY,BRL-CZK,BRL-EGP,BRL-GBP,BRL-HUF,BRL-IDR,BRL-ILS,BRL-INR,BRL-ISK,BRL-JMD,BRL-JOD,BRL-KES,BRL-KRW,BRL-LBP,BRL-LKR,BRL-MAD,BRL-MYR,BRL-NAD,BRL-NOK,BRL-NPR,BRL-NZD,BRL-OMR,BRL-PAB,BRL-PHP,BRL-PKR,BRL-PLN,BRL-QAR,BRL-RON,BRL-RUB,BRL-SAR,BRL-SEK,BRL-THB,BRL-TRY,BRL-VEF HTTP/1.1" 200 None
2024-04-21 22:02:42 :: INFO :: Request finished
2024-04-21 22:02:42 :: INFO :: 1 of 100 - DKK-USD - Transforming..
2024-04-21 22:02:42 :: INFO :: 1 of 100 - DKK-USD - Loading...
2024-04-21 22:02:42 :: INFO :: 1 of 100 - DKK-USD - saved file: /Users/ivbarauna/repos/ETL-awesome-api/etl/utils/../../data/DKK-USD-1713747762
2024-04-21 22:02:42 :: INFO :: 2 of 100 - HKD-USD - Transforming..
2024-04-21 22:02:42 :: INFO :: 2 of 100 - HKD-USD - Loading...
2024-04-21 22:02:42 :: INFO :: 2 of 100 - HKD-USD - saved file: /Users/ivbarauna/repos/ETL-awesome-api/etl/utils/../../data/HKD-USD-1713747762
2024-04-21 22:02:42 :: INFO :: 3 of 100 - MXN-USD - Transforming..
2024-04-21 22:02:42 :: INFO :: 3 of 100 - MXN-USD - Loading...
2024-04-21 22:02:42 :: INFO :: 3 of 100 - MXN-USD - saved file: /Users/ivbarauna/repos/ETL-awesome-api/etl/utils/../../data/MXN-USD-1713747762
2024-04-21 22:02:42 :: INFO :: 4 of 100 - NOK-USD - Transforming..
2024-04-21 22:02:42 :: INFO :: 4 of 100 - NOK-USD - Loading...
2024-04-21 22:02:42 :: INFO :: 4 of 100 - NOK-USD - saved file: /Users/ivbarauna/repos/ETL-awesome-api/etl/utils/../../data/NOK-USD-1713747762
2024-04-21 22:02:42 :: INFO :: 5 of 100 - PLN-USD - Transforming..
2024-04-21 22:02:42 :: INFO :: 5 of 100 - PLN-USD - Loading...
2024-04-21 22:02:42 :: INFO :: 5 of 100 - PLN-USD - saved file: /Users/ivbarauna/repos/ETL-awesome-api/etl/utils/../../data/PLN-USD-1713747762
2024-04-21 22:02:42 :: INFO :: 6 of 100 - RUB-USD - Transforming..
2024-04-21 22:02:42 :: INFO :: 6 of 100 - RUB-USD - Loading...
2024-04-21 22:02:42 :: INFO :: 6 of 100 - RUB-USD - saved file: /Users/ivbarauna/repos/ETL-awesome-api/etl/utils/../../data/RUB-USD-1713747762
2024-04-21 22:02:42 :: INFO :: 7 of 100 - SAR-USD - Transforming..
2024-04-21 22:02:42 :: INFO :: 7 of 100 - SAR-USD - Loading...
2024-04-21 22:02:42 :: INFO :: 7 of 100 - SAR-USD - saved file: /Users/ivbarauna/repos/ETL-awesome-api/etl/utils/../../data/SAR-USD-1713747762
2024-04-21 22:02:42 :: INFO :: 8 of 100 - SEK-USD - Transforming..
2024-04-21 22:02:42 :: INFO :: 8 of 100 - SEK-USD - Loading...
2024-04-21 22:02:42 :: INFO :: 8 of 100 - SEK-USD - saved file: /Users/ivbarauna/repos/ETL-awesome-api/etl/utils/../../data/SEK-USD-1713747762
2024-04-21 22:02:42 :: INFO :: 9 of 100 - TRY-USD - Transforming..
2024-04-21 22:02:42 :: INFO :: 9 of 100 - TRY-USD - Loading...
2024-04-21 22:02:42 :: INFO :: 9 of 100 - TRY-USD - saved file: /Users/ivbarauna/repos/ETL-awesome-api/etl/utils/../../data/TRY-USD-1713747762
2024-04-21 22:02:42 :: INFO :: 10 of 100 - TWD-USD - Transforming..
2024-04-21 22:02:42 :: INFO :: 10 of 100 - TWD-USD - Loading...
2024-04-21 22:02:42 :: INFO :: 10 of 100 - TWD-USD - saved file: /Users/ivbarauna/repos/ETL-awesome-api/etl/utils/../../data/TWD-USD-1713747762
2024-04-21 22:02:42 :: INFO :: 11 of 100 - VEF-USD - Transforming..
2024-04-21 22:02:42 :: INFO :: 11 of 100 - VEF-USD - Loading...
2024-04-21 22:02:42 :: INFO :: 11 of 100 - VEF-USD - saved file: /Users/ivbarauna/repos/ETL-awesome-api/etl/utils/../../data/VEF-USD-1713747762
2024-04-21 22:02:42 :: INFO :: 12 of 100 - ZAR-USD - Transforming..
2024-04-21 22:02:42 :: INFO :: 12 of 100 - ZAR-USD - Loading...
2024-04-21 22:02:42 :: INFO :: 12 of 100 - ZAR-USD - saved file: /Users/ivbarauna/repos/ETL-awesome-api/etl/utils/../../data/ZAR-USD-1713747762
2024-04-21 22:02:42 :: INFO :: 13 of 100 - UYU-USD - Transforming..
2024-04-21 22:02:42 :: INFO :: 13 of 100 - UYU-USD - Loading...
2024-04-21 22:02:42 :: INFO :: 13 of 100 - UYU-USD - saved file: /Users/ivbarauna/repos/ETL-awesome-api/etl/utils/../../data/UYU-USD-1713747762
2024-04-21 22:02:42 :: INFO :: 14 of 100 - PYG-USD - Transforming..
2024-04-21 22:02:42 :: INFO :: 14 of 100 - PYG-USD - Loading...
2024-04-21 22:02:42 :: INFO :: 14 of 100 - PYG-USD - saved file: /Users/ivbarauna/repos/ETL-awesome-api/etl/utils/../../data/PYG-USD-1713747762
2024-04-21 22:02:42 :: INFO :: 15 of 100 - CLP-USD - Transforming..
2024-04-21 22:02:43 :: INFO :: 15 of 100 - CLP-USD - Loading...
2024-04-21 22:02:43 :: INFO :: 15 of 100 - CLP-USD - saved file: /Users/ivbarauna/repos/ETL-awesome-api/etl/utils/../../data/CLP-USD-1713747762
2024-04-21 22:02:43 :: INFO :: 16 of 100 - COP-USD - Transforming..
2024-04-21 22:02:43 :: INFO :: 16 of 100 - COP-USD - Loading...
2024-04-21 22:02:43 :: INFO :: 16 of 100 - COP-USD - saved file: /Users/ivbarauna/repos/ETL-awesome-api/etl/utils/../../data/COP-USD-1713747762
2024-04-21 22:02:43 :: INFO :: 17 of 100 - PEN-USD - Transforming..
2024-04-21 22:02:43 :: INFO :: 17 of 100 - PEN-USD - Loading...
2024-04-21 22:02:43 :: INFO :: 17 of 100 - PEN-USD - saved file: /Users/ivbarauna/repos/ETL-awesome-api/etl/utils/../../data/PEN-USD-1713747762
2024-04-21 22:02:43 :: INFO :: 18 of 100 - NIO-USD - Transforming..
2024-04-21 22:02:43 :: INFO :: 18 of 100 - NIO-USD - Loading...
2024-04-21 22:02:43 :: INFO :: 18 of 100 - NIO-USD - saved file: /Users/ivbarauna/repos/ETL-awesome-api/etl/utils/../../data/NIO-USD-1713747762
2024-04-21 22:02:43 :: INFO :: 19 of 100 - BOB-USD - Transforming..
2024-04-21 22:02:43 :: INFO :: 19 of 100 - BOB-USD - Loading...
2024-04-21 22:02:43 :: INFO :: 19 of 100 - BOB-USD - saved file: /Users/ivbarauna/repos/ETL-awesome-api/etl/utils/../../data/BOB-USD-1713747762
2024-04-21 22:02:43 :: INFO :: 20 of 100 - KRW-USD - Transforming..
2024-04-21 22:02:43 :: INFO :: 20 of 100 - KRW-USD - Loading...
2024-04-21 22:02:43 :: INFO :: 20 of 100 - KRW-USD - saved file: /Users/ivbarauna/repos/ETL-awesome-api/etl/utils/../../data/KRW-USD-1713747762
2024-04-21 22:02:43 :: INFO :: 21 of 100 - EGP-USD - Transforming..
2024-04-21 22:02:43 :: INFO :: 21 of 100 - EGP-USD - Loading...
2024-04-21 22:02:43 :: INFO :: 21 of 100 - EGP-USD - saved file: /Users/ivbarauna/repos/ETL-awesome-api/etl/utils/../../data/EGP-USD-1713747762
2024-04-21 22:02:43 :: INFO :: 22 of 100 - USD-BYN - Transforming..
2024-04-21 22:02:43 :: INFO :: 22 of 100 - USD-BYN - Loading...
2024-04-21 22:02:43 :: INFO :: 22 of 100 - USD-BYN - saved file: /Users/ivbarauna/repos/ETL-awesome-api/etl/utils/../../data/USD-BYN-1713747762
2024-04-21 22:02:43 :: INFO :: 23 of 100 - USD-MZN - Transforming..
2024-04-21 22:02:43 :: INFO :: 23 of 100 - USD-MZN - Loading...
2024-04-21 22:02:43 :: INFO :: 23 of 100 - USD-MZN - saved file: /Users/ivbarauna/repos/ETL-awesome-api/etl/utils/../../data/USD-MZN-1713747762
2024-04-21 22:02:43 :: INFO :: 24 of 100 - INR-USD - Transforming..
2024-04-21 22:02:43 :: INFO :: 24 of 100 - INR-USD - Loading...
2024-04-21 22:02:43 :: INFO :: 24 of 100 - INR-USD - saved file: /Users/ivbarauna/repos/ETL-awesome-api/etl/utils/../../data/INR-USD-1713747762
2024-04-21 22:02:43 :: INFO :: 25 of 100 - JOD-USD - Transforming..
2024-04-21 22:02:43 :: INFO :: 25 of 100 - JOD-USD - Loading...
2024-04-21 22:02:43 :: INFO :: 25 of 100 - JOD-USD - saved file: /Users/ivbarauna/repos/ETL-awesome-api/etl/utils/../../data/JOD-USD-1713747762
2024-04-21 22:02:43 :: INFO :: 26 of 100 - KWD-USD - Transforming..
2024-04-21 22:02:43 :: INFO :: 26 of 100 - KWD-USD - Loading...
2024-04-21 22:02:43 :: INFO :: 26 of 100 - KWD-USD - saved file: /Users/ivbarauna/repos/ETL-awesome-api/etl/utils/../../data/KWD-USD-1713747762
2024-04-21 22:02:43 :: INFO :: 27 of 100 - USD-AZN - Transforming..
2024-04-21 22:02:43 :: INFO :: 27 of 100 - USD-AZN - Loading...
2024-04-21 22:02:43 :: INFO :: 27 of 100 - USD-AZN - saved file: /Users/ivbarauna/repos/ETL-awesome-api/etl/utils/../../data/USD-AZN-1713747762
2024-04-21 22:02:43 :: INFO :: 28 of 100 - USD-CNH - Transforming..
2024-04-21 22:02:43 :: INFO :: 28 of 100 - USD-CNH - Loading...
2024-04-21 22:02:43 :: INFO :: 28 of 100 - USD-CNH - saved file: /Users/ivbarauna/repos/ETL-awesome-api/etl/utils/../../data/USD-CNH-1713747762
2024-04-21 22:02:43 :: INFO :: 29 of 100 - USD-KGS - Transforming..
2024-04-21 22:02:43 :: INFO :: 29 of 100 - USD-KGS - Loading...
2024-04-21 22:02:43 :: INFO :: 29 of 100 - USD-KGS - saved file: /Users/ivbarauna/repos/ETL-awesome-api/etl/utils/../../data/USD-KGS-1713747762
2024-04-21 22:02:43 :: INFO :: 30 of 100 - USD-TJS - Transforming..
2024-04-21 22:02:43 :: INFO :: 30 of 100 - USD-TJS - Loading...
2024-04-21 22:02:43 :: INFO :: 30 of 100 - USD-TJS - saved file: /Users/ivbarauna/repos/ETL-awesome-api/etl/utils/../../data/USD-TJS-1713747762
2024-04-21 22:02:43 :: INFO :: 31 of 100 - USD-RUB - Transforming..
2024-04-21 22:02:43 :: INFO :: 31 of 100 - USD-RUB - Loading...
2024-04-21 22:02:43 :: INFO :: 31 of 100 - USD-RUB - saved file: /Users/ivbarauna/repos/ETL-awesome-api/etl/utils/../../data/USD-RUB-1713747762
2024-04-21 22:02:43 :: INFO :: 32 of 100 - MYR-USD - Transforming..
2024-04-21 22:02:43 :: INFO :: 32 of 100 - MYR-USD - Loading...
2024-04-21 22:02:43 :: INFO :: 32 of 100 - MYR-USD - saved file: /Users/ivbarauna/repos/ETL-awesome-api/etl/utils/../../data/MYR-USD-1713747762
2024-04-21 22:02:43 :: INFO :: 33 of 100 - UAH-USD - Transforming..
2024-04-21 22:02:43 :: INFO :: 33 of 100 - UAH-USD - Loading...
2024-04-21 22:02:43 :: INFO :: 33 of 100 - UAH-USD - saved file: /Users/ivbarauna/repos/ETL-awesome-api/etl/utils/../../data/UAH-USD-1713747762
2024-04-21 22:02:43 :: INFO :: 34 of 100 - HUF-USD - Transforming..
2024-04-21 22:02:43 :: INFO :: 34 of 100 - HUF-USD - Loading...
2024-04-21 22:02:43 :: INFO :: 34 of 100 - HUF-USD - saved file: /Users/ivbarauna/repos/ETL-awesome-api/etl/utils/../../data/HUF-USD-1713747762
2024-04-21 22:02:43 :: INFO :: 35 of 100 - IDR-USD - Transforming..
2024-04-21 22:02:43 :: INFO :: 35 of 100 - IDR-USD - Loading...
2024-04-21 22:02:43 :: INFO :: 35 of 100 - IDR-USD - saved file: /Users/ivbarauna/repos/ETL-awesome-api/etl/utils/../../data/IDR-USD-1713747762
2024-04-21 22:02:43 :: INFO :: 36 of 100 - USD-AOA - Transforming..
2024-04-21 22:02:43 :: INFO :: 36 of 100 - USD-AOA - Loading...
2024-04-21 22:02:43 :: INFO :: 36 of 100 - USD-AOA - saved file: /Users/ivbarauna/repos/ETL-awesome-api/etl/utils/../../data/USD-AOA-1713747762
2024-04-21 22:02:43 :: INFO :: 37 of 100 - VND-USD - Transforming..
2024-04-21 22:02:43 :: INFO :: 37 of 100 - VND-USD - Loading...
2024-04-21 22:02:43 :: INFO :: 37 of 100 - VND-USD - saved file: /Users/ivbarauna/repos/ETL-awesome-api/etl/utils/../../data/VND-USD-1713747762
2024-04-21 22:02:43 :: INFO :: 38 of 100 - BYN-USD - Transforming..
2024-04-21 22:02:43 :: INFO :: 38 of 100 - BYN-USD - Loading...
2024-04-21 22:02:43 :: INFO :: 38 of 100 - BYN-USD - saved file: /Users/ivbarauna/repos/ETL-awesome-api/etl/utils/../../data/BYN-USD-1713747762
2024-04-21 22:02:43 :: INFO :: 39 of 100 - XBR-USD - Transforming..
2024-04-21 22:02:43 :: INFO :: 39 of 100 - XBR-USD - Loading...
2024-04-21 22:02:43 :: INFO :: 39 of 100 - XBR-USD - saved file: /Users/ivbarauna/repos/ETL-awesome-api/etl/utils/../../data/XBR-USD-1713747762
2024-04-21 22:02:43 :: INFO :: 40 of 100 - THB-USD - Transforming..
2024-04-21 22:02:43 :: INFO :: 40 of 100 - THB-USD - Loading...
2024-04-21 22:02:43 :: INFO :: 40 of 100 - THB-USD - saved file: /Users/ivbarauna/repos/ETL-awesome-api/etl/utils/../../data/THB-USD-1713747762
2024-04-21 22:02:43 :: INFO :: 41 of 100 - PHP-USD - Transforming..
2024-04-21 22:02:43 :: INFO :: 41 of 100 - PHP-USD - Loading...
2024-04-21 22:02:43 :: INFO :: 41 of 100 - PHP-USD - saved file: /Users/ivbarauna/repos/ETL-awesome-api/etl/utils/../../data/PHP-USD-1713747762
2024-04-21 22:02:43 :: INFO :: 42 of 100 - USD-TMT - Transforming..
2024-04-21 22:02:43 :: INFO :: 42 of 100 - USD-TMT - Loading...
2024-04-21 22:02:43 :: INFO :: 42 of 100 - USD-TMT - saved file: /Users/ivbarauna/repos/ETL-awesome-api/etl/utils/../../data/USD-TMT-1713747762
2024-04-21 22:02:43 :: INFO :: 43 of 100 - XAGG-USD - Transforming..
2024-04-21 22:02:43 :: INFO :: 43 of 100 - XAGG-USD - Loading...
2024-04-21 22:02:43 :: INFO :: 43 of 100 - XAGG-USD - saved file: /Users/ivbarauna/repos/ETL-awesome-api/etl/utils/../../data/XAGG-USD-1713747762
2024-04-21 22:02:43 :: INFO :: 44 of 100 - USD-MNT - Transforming..
2024-04-21 22:02:43 :: INFO :: 44 of 100 - USD-MNT - Loading...
2024-04-21 22:02:43 :: INFO :: 44 of 100 - USD-MNT - saved file: /Users/ivbarauna/repos/ETL-awesome-api/etl/utils/../../data/USD-MNT-1713747762
2024-04-21 22:02:43 :: INFO :: 45 of 100 - USD-AFN - Transforming..
2024-04-21 22:02:43 :: INFO :: 45 of 100 - USD-AFN - Loading...
2024-04-21 22:02:43 :: INFO :: 45 of 100 - USD-AFN - saved file: /Users/ivbarauna/repos/ETL-awesome-api/etl/utils/../../data/USD-AFN-1713747762
2024-04-21 22:02:43 :: INFO :: 46 of 100 - AFN-USD - Transforming..
2024-04-21 22:02:43 :: INFO :: 46 of 100 - AFN-USD - Loading...
2024-04-21 22:02:43 :: INFO :: 46 of 100 - AFN-USD - saved file: /Users/ivbarauna/repos/ETL-awesome-api/etl/utils/../../data/AFN-USD-1713747762
2024-04-21 22:02:43 :: INFO :: 47 of 100 - SYP-USD - Transforming..
2024-04-21 22:02:43 :: INFO :: 47 of 100 - SYP-USD - Loading...
2024-04-21 22:02:43 :: INFO :: 47 of 100 - SYP-USD - saved file: /Users/ivbarauna/repos/ETL-awesome-api/etl/utils/../../data/SYP-USD-1713747762
2024-04-21 22:02:43 :: INFO :: 48 of 100 - IRR-USD - Transforming..
2024-04-21 22:02:43 :: INFO :: 48 of 100 - IRR-USD - Loading...
2024-04-21 22:02:43 :: INFO :: 48 of 100 - IRR-USD - saved file: /Users/ivbarauna/repos/ETL-awesome-api/etl/utils/../../data/IRR-USD-1713747762
2024-04-21 22:02:43 :: INFO :: 49 of 100 - IQD-USD - Transforming..
2024-04-21 22:02:43 :: INFO :: 49 of 100 - IQD-USD - Loading...
2024-04-21 22:02:43 :: INFO :: 49 of 100 - IQD-USD - saved file: /Users/ivbarauna/repos/ETL-awesome-api/etl/utils/../../data/IQD-USD-1713747762
2024-04-21 22:02:43 :: INFO :: 50 of 100 - USD-NGNI - Transforming..
2024-04-21 22:02:43 :: INFO :: 50 of 100 - USD-NGNI - Loading...
2024-04-21 22:02:43 :: INFO :: 50 of 100 - USD-NGNI - saved file: /Users/ivbarauna/repos/ETL-awesome-api/etl/utils/../../data/USD-NGNI-1713747762
2024-04-21 22:02:43 :: INFO :: 51 of 100 - USD-ZWL - Transforming..
2024-04-21 22:02:43 :: INFO :: 51 of 100 - USD-ZWL - Loading...
2024-04-21 22:02:43 :: INFO :: 51 of 100 - USD-ZWL - saved file: /Users/ivbarauna/repos/ETL-awesome-api/etl/utils/../../data/USD-ZWL-1713747762
2024-04-21 22:02:43 :: INFO :: 52 of 100 - BRL-ARS - Transforming..
2024-04-21 22:02:43 :: INFO :: 52 of 100 - BRL-ARS - Loading...
2024-04-21 22:02:43 :: INFO :: 52 of 100 - BRL-ARS - saved file: /Users/ivbarauna/repos/ETL-awesome-api/etl/utils/../../data/BRL-ARS-1713747762
2024-04-21 22:02:43 :: INFO :: 53 of 100 - BRL-AUD - Transforming..
2024-04-21 22:02:43 :: INFO :: 53 of 100 - BRL-AUD - Loading...
2024-04-21 22:02:43 :: INFO :: 53 of 100 - BRL-AUD - saved file: /Users/ivbarauna/repos/ETL-awesome-api/etl/utils/../../data/BRL-AUD-1713747762
2024-04-21 22:02:43 :: INFO :: 54 of 100 - BRL-CAD - Transforming..
2024-04-21 22:02:43 :: INFO :: 54 of 100 - BRL-CAD - Loading...
2024-04-21 22:02:43 :: INFO :: 54 of 100 - BRL-CAD - saved file: /Users/ivbarauna/repos/ETL-awesome-api/etl/utils/../../data/BRL-CAD-1713747762
2024-04-21 22:02:43 :: INFO :: 55 of 100 - BRL-CHF - Transforming..
2024-04-21 22:02:43 :: INFO :: 55 of 100 - BRL-CHF - Loading...
2024-04-21 22:02:43 :: INFO :: 55 of 100 - BRL-CHF - saved file: /Users/ivbarauna/repos/ETL-awesome-api/etl/utils/../../data/BRL-CHF-1713747762
2024-04-21 22:02:43 :: INFO :: 56 of 100 - BRL-CLP - Transforming..
2024-04-21 22:02:43 :: INFO :: 56 of 100 - BRL-CLP - Loading...
2024-04-21 22:02:43 :: INFO :: 56 of 100 - BRL-CLP - saved file: /Users/ivbarauna/repos/ETL-awesome-api/etl/utils/../../data/BRL-CLP-1713747762
2024-04-21 22:02:43 :: INFO :: 57 of 100 - BRL-DKK - Transforming..
2024-04-21 22:02:43 :: INFO :: 57 of 100 - BRL-DKK - Loading...
2024-04-21 22:02:43 :: INFO :: 57 of 100 - BRL-DKK - saved file: /Users/ivbarauna/repos/ETL-awesome-api/etl/utils/../../data/BRL-DKK-1713747762
2024-04-21 22:02:43 :: INFO :: 58 of 100 - BRL-HKD - Transforming..
2024-04-21 22:02:43 :: INFO :: 58 of 100 - BRL-HKD - Loading...
2024-04-21 22:02:43 :: INFO :: 58 of 100 - BRL-HKD - saved file: /Users/ivbarauna/repos/ETL-awesome-api/etl/utils/../../data/BRL-HKD-1713747762
2024-04-21 22:02:43 :: INFO :: 59 of 100 - BRL-JPY - Transforming..
2024-04-21 22:02:43 :: INFO :: 59 of 100 - BRL-JPY - Loading...
2024-04-21 22:02:43 :: INFO :: 59 of 100 - BRL-JPY - saved file: /Users/ivbarauna/repos/ETL-awesome-api/etl/utils/../../data/BRL-JPY-1713747762
2024-04-21 22:02:43 :: INFO :: 60 of 100 - BRL-MXN - Transforming..
2024-04-21 22:02:43 :: INFO :: 60 of 100 - BRL-MXN - Loading...
2024-04-21 22:02:43 :: INFO :: 60 of 100 - BRL-MXN - saved file: /Users/ivbarauna/repos/ETL-awesome-api/etl/utils/../../data/BRL-MXN-1713747762
2024-04-21 22:02:43 :: INFO :: 61 of 100 - BRL-SGD - Transforming..
2024-04-21 22:02:43 :: INFO :: 61 of 100 - BRL-SGD - Loading...
2024-04-21 22:02:43 :: INFO :: 61 of 100 - BRL-SGD - saved file: /Users/ivbarauna/repos/ETL-awesome-api/etl/utils/../../data/BRL-SGD-1713747762
2024-04-21 22:02:43 :: INFO :: 62 of 100 - SGD-BRL - Transforming..
2024-04-21 22:02:43 :: INFO :: 62 of 100 - SGD-BRL - Loading...
2024-04-21 22:02:43 :: INFO :: 62 of 100 - SGD-BRL - saved file: /Users/ivbarauna/repos/ETL-awesome-api/etl/utils/../../data/SGD-BRL-1713747762
2024-04-21 22:02:43 :: INFO :: 63 of 100 - AED-BRL - Transforming..
2024-04-21 22:02:43 :: INFO :: 63 of 100 - AED-BRL - Loading...
2024-04-21 22:02:43 :: INFO :: 63 of 100 - AED-BRL - saved file: /Users/ivbarauna/repos/ETL-awesome-api/etl/utils/../../data/AED-BRL-1713747762
2024-04-21 22:02:43 :: INFO :: 64 of 100 - BRL-AED - Transforming..
2024-04-21 22:02:43 :: INFO :: 64 of 100 - BRL-AED - Loading...
2024-04-21 22:02:43 :: INFO :: 64 of 100 - BRL-AED - saved file: /Users/ivbarauna/repos/ETL-awesome-api/etl/utils/../../data/BRL-AED-1713747762
2024-04-21 22:02:43 :: INFO :: 65 of 100 - BRL-BBD - Transforming..
2024-04-21 22:02:43 :: INFO :: 65 of 100 - BRL-BBD - Loading...
2024-04-21 22:02:43 :: INFO :: 65 of 100 - BRL-BBD - saved file: /Users/ivbarauna/repos/ETL-awesome-api/etl/utils/../../data/BRL-BBD-1713747762
2024-04-21 22:02:43 :: INFO :: 66 of 100 - BRL-BHD - Transforming..
2024-04-21 22:02:43 :: INFO :: 66 of 100 - BRL-BHD - Loading...
2024-04-21 22:02:43 :: INFO :: 66 of 100 - BRL-BHD - saved file: /Users/ivbarauna/repos/ETL-awesome-api/etl/utils/../../data/BRL-BHD-1713747762
2024-04-21 22:02:43 :: INFO :: 67 of 100 - BRL-CNY - Transforming..
2024-04-21 22:02:43 :: INFO :: 67 of 100 - BRL-CNY - Loading...
2024-04-21 22:02:43 :: INFO :: 67 of 100 - BRL-CNY - saved file: /Users/ivbarauna/repos/ETL-awesome-api/etl/utils/../../data/BRL-CNY-1713747762
2024-04-21 22:02:43 :: INFO :: 68 of 100 - BRL-CZK - Transforming..
2024-04-21 22:02:43 :: INFO :: 68 of 100 - BRL-CZK - Loading...
2024-04-21 22:02:43 :: INFO :: 68 of 100 - BRL-CZK - saved file: /Users/ivbarauna/repos/ETL-awesome-api/etl/utils/../../data/BRL-CZK-1713747762
2024-04-21 22:02:43 :: INFO :: 69 of 100 - BRL-EGP - Transforming..
2024-04-21 22:02:43 :: INFO :: 69 of 100 - BRL-EGP - Loading...
2024-04-21 22:02:43 :: INFO :: 69 of 100 - BRL-EGP - saved file: /Users/ivbarauna/repos/ETL-awesome-api/etl/utils/../../data/BRL-EGP-1713747762
2024-04-21 22:02:43 :: INFO :: 70 of 100 - BRL-GBP - Transforming..
2024-04-21 22:02:43 :: INFO :: 70 of 100 - BRL-GBP - Loading...
2024-04-21 22:02:43 :: INFO :: 70 of 100 - BRL-GBP - saved file: /Users/ivbarauna/repos/ETL-awesome-api/etl/utils/../../data/BRL-GBP-1713747762
2024-04-21 22:02:43 :: INFO :: 71 of 100 - BRL-HUF - Transforming..
2024-04-21 22:02:43 :: INFO :: 71 of 100 - BRL-HUF - Loading...
2024-04-21 22:02:43 :: INFO :: 71 of 100 - BRL-HUF - saved file: /Users/ivbarauna/repos/ETL-awesome-api/etl/utils/../../data/BRL-HUF-1713747762
2024-04-21 22:02:43 :: INFO :: 72 of 100 - BRL-IDR - Transforming..
2024-04-21 22:02:43 :: INFO :: 72 of 100 - BRL-IDR - Loading...
2024-04-21 22:02:43 :: INFO :: 72 of 100 - BRL-IDR - saved file: /Users/ivbarauna/repos/ETL-awesome-api/etl/utils/../../data/BRL-IDR-1713747762
2024-04-21 22:02:43 :: INFO :: 73 of 100 - BRL-ILS - Transforming..
2024-04-21 22:02:43 :: INFO :: 73 of 100 - BRL-ILS - Loading...
2024-04-21 22:02:43 :: INFO :: 73 of 100 - BRL-ILS - saved file: /Users/ivbarauna/repos/ETL-awesome-api/etl/utils/../../data/BRL-ILS-1713747762
2024-04-21 22:02:43 :: INFO :: 74 of 100 - BRL-INR - Transforming..
2024-04-21 22:02:43 :: INFO :: 74 of 100 - BRL-INR - Loading...
2024-04-21 22:02:43 :: INFO :: 74 of 100 - BRL-INR - saved file: /Users/ivbarauna/repos/ETL-awesome-api/etl/utils/../../data/BRL-INR-1713747762
2024-04-21 22:02:43 :: INFO :: 75 of 100 - BRL-ISK - Transforming..
2024-04-21 22:02:43 :: INFO :: 75 of 100 - BRL-ISK - Loading...
2024-04-21 22:02:43 :: INFO :: 75 of 100 - BRL-ISK - saved file: /Users/ivbarauna/repos/ETL-awesome-api/etl/utils/../../data/BRL-ISK-1713747762
2024-04-21 22:02:43 :: INFO :: 76 of 100 - BRL-JMD - Transforming..
2024-04-21 22:02:43 :: INFO :: 76 of 100 - BRL-JMD - Loading...
2024-04-21 22:02:43 :: INFO :: 76 of 100 - BRL-JMD - saved file: /Users/ivbarauna/repos/ETL-awesome-api/etl/utils/../../data/BRL-JMD-1713747762
2024-04-21 22:02:43 :: INFO :: 77 of 100 - BRL-JOD - Transforming..
2024-04-21 22:02:43 :: INFO :: 77 of 100 - BRL-JOD - Loading...
2024-04-21 22:02:43 :: INFO :: 77 of 100 - BRL-JOD - saved file: /Users/ivbarauna/repos/ETL-awesome-api/etl/utils/../../data/BRL-JOD-1713747762
2024-04-21 22:02:43 :: INFO :: 78 of 100 - BRL-KES - Transforming..
2024-04-21 22:02:43 :: INFO :: 78 of 100 - BRL-KES - Loading...
2024-04-21 22:02:43 :: INFO :: 78 of 100 - BRL-KES - saved file: /Users/ivbarauna/repos/ETL-awesome-api/etl/utils/../../data/BRL-KES-1713747762
2024-04-21 22:02:43 :: INFO :: 79 of 100 - BRL-KRW - Transforming..
2024-04-21 22:02:43 :: INFO :: 79 of 100 - BRL-KRW - Loading...
2024-04-21 22:02:43 :: INFO :: 79 of 100 - BRL-KRW - saved file: /Users/ivbarauna/repos/ETL-awesome-api/etl/utils/../../data/BRL-KRW-1713747762
2024-04-21 22:02:43 :: INFO :: 80 of 100 - BRL-LBP - Transforming..
2024-04-21 22:02:43 :: INFO :: 80 of 100 - BRL-LBP - Loading...
2024-04-21 22:02:43 :: INFO :: 80 of 100 - BRL-LBP - saved file: /Users/ivbarauna/repos/ETL-awesome-api/etl/utils/../../data/BRL-LBP-1713747762
2024-04-21 22:02:43 :: INFO :: 81 of 100 - BRL-LKR - Transforming..
2024-04-21 22:02:43 :: INFO :: 81 of 100 - BRL-LKR - Loading...
2024-04-21 22:02:43 :: INFO :: 81 of 100 - BRL-LKR - saved file: /Users/ivbarauna/repos/ETL-awesome-api/etl/utils/../../data/BRL-LKR-1713747762
2024-04-21 22:02:43 :: INFO :: 82 of 100 - BRL-MAD - Transforming..
2024-04-21 22:02:43 :: INFO :: 82 of 100 - BRL-MAD - Loading...
2024-04-21 22:02:43 :: INFO :: 82 of 100 - BRL-MAD - saved file: /Users/ivbarauna/repos/ETL-awesome-api/etl/utils/../../data/BRL-MAD-1713747762
2024-04-21 22:02:43 :: INFO :: 83 of 100 - BRL-MYR - Transforming..
2024-04-21 22:02:43 :: INFO :: 83 of 100 - BRL-MYR - Loading...
2024-04-21 22:02:43 :: INFO :: 83 of 100 - BRL-MYR - saved file: /Users/ivbarauna/repos/ETL-awesome-api/etl/utils/../../data/BRL-MYR-1713747762
2024-04-21 22:02:43 :: INFO :: 84 of 100 - BRL-NAD - Transforming..
2024-04-21 22:02:43 :: INFO :: 84 of 100 - BRL-NAD - Loading...
2024-04-21 22:02:43 :: INFO :: 84 of 100 - BRL-NAD - saved file: /Users/ivbarauna/repos/ETL-awesome-api/etl/utils/../../data/BRL-NAD-1713747762
2024-04-21 22:02:43 :: INFO :: 85 of 100 - BRL-NOK - Transforming..
2024-04-21 22:02:43 :: INFO :: 85 of 100 - BRL-NOK - Loading...
2024-04-21 22:02:43 :: INFO :: 85 of 100 - BRL-NOK - saved file: /Users/ivbarauna/repos/ETL-awesome-api/etl/utils/../../data/BRL-NOK-1713747762
2024-04-21 22:02:43 :: INFO :: 86 of 100 - BRL-NPR - Transforming..
2024-04-21 22:02:43 :: INFO :: 86 of 100 - BRL-NPR - Loading...
2024-04-21 22:02:43 :: INFO :: 86 of 100 - BRL-NPR - saved file: /Users/ivbarauna/repos/ETL-awesome-api/etl/utils/../../data/BRL-NPR-1713747762
2024-04-21 22:02:43 :: INFO :: 87 of 100 - BRL-NZD - Transforming..
2024-04-21 22:02:43 :: INFO :: 87 of 100 - BRL-NZD - Loading...
2024-04-21 22:02:43 :: INFO :: 87 of 100 - BRL-NZD - saved file: /Users/ivbarauna/repos/ETL-awesome-api/etl/utils/../../data/BRL-NZD-1713747762
2024-04-21 22:02:43 :: INFO :: 88 of 100 - BRL-OMR - Transforming..
2024-04-21 22:02:43 :: INFO :: 88 of 100 - BRL-OMR - Loading...
2024-04-21 22:02:43 :: INFO :: 88 of 100 - BRL-OMR - saved file: /Users/ivbarauna/repos/ETL-awesome-api/etl/utils/../../data/BRL-OMR-1713747762
2024-04-21 22:02:43 :: INFO :: 89 of 100 - BRL-PAB - Transforming..
2024-04-21 22:02:43 :: INFO :: 89 of 100 - BRL-PAB - Loading...
2024-04-21 22:02:43 :: INFO :: 89 of 100 - BRL-PAB - saved file: /Users/ivbarauna/repos/ETL-awesome-api/etl/utils/../../data/BRL-PAB-1713747762
2024-04-21 22:02:43 :: INFO :: 90 of 100 - BRL-PHP - Transforming..
2024-04-21 22:02:43 :: INFO :: 90 of 100 - BRL-PHP - Loading...
2024-04-21 22:02:43 :: INFO :: 90 of 100 - BRL-PHP - saved file: /Users/ivbarauna/repos/ETL-awesome-api/etl/utils/../../data/BRL-PHP-1713747762
2024-04-21 22:02:43 :: INFO :: 91 of 100 - BRL-PKR - Transforming..
2024-04-21 22:02:43 :: INFO :: 91 of 100 - BRL-PKR - Loading...
2024-04-21 22:02:43 :: INFO :: 91 of 100 - BRL-PKR - saved file: /Users/ivbarauna/repos/ETL-awesome-api/etl/utils/../../data/BRL-PKR-1713747762
2024-04-21 22:02:43 :: INFO :: 92 of 100 - BRL-PLN - Transforming..
2024-04-21 22:02:43 :: INFO :: 92 of 100 - BRL-PLN - Loading...
2024-04-21 22:02:43 :: INFO :: 92 of 100 - BRL-PLN - saved file: /Users/ivbarauna/repos/ETL-awesome-api/etl/utils/../../data/BRL-PLN-1713747762
2024-04-21 22:02:43 :: INFO :: 93 of 100 - BRL-QAR - Transforming..
2024-04-21 22:02:43 :: INFO :: 93 of 100 - BRL-QAR - Loading...
2024-04-21 22:02:43 :: INFO :: 93 of 100 - BRL-QAR - saved file: /Users/ivbarauna/repos/ETL-awesome-api/etl/utils/../../data/BRL-QAR-1713747762
2024-04-21 22:02:43 :: INFO :: 94 of 100 - BRL-RON - Transforming..
2024-04-21 22:02:43 :: INFO :: 94 of 100 - BRL-RON - Loading...
2024-04-21 22:02:43 :: INFO :: 94 of 100 - BRL-RON - saved file: /Users/ivbarauna/repos/ETL-awesome-api/etl/utils/../../data/BRL-RON-1713747762
2024-04-21 22:02:43 :: INFO :: 95 of 100 - BRL-RUB - Transforming..
2024-04-21 22:02:43 :: INFO :: 95 of 100 - BRL-RUB - Loading...
2024-04-21 22:02:43 :: INFO :: 95 of 100 - BRL-RUB - saved file: /Users/ivbarauna/repos/ETL-awesome-api/etl/utils/../../data/BRL-RUB-1713747762
2024-04-21 22:02:43 :: INFO :: 96 of 100 - BRL-SAR - Transforming..
2024-04-21 22:02:43 :: INFO :: 96 of 100 - BRL-SAR - Loading...
2024-04-21 22:02:43 :: INFO :: 96 of 100 - BRL-SAR - saved file: /Users/ivbarauna/repos/ETL-awesome-api/etl/utils/../../data/BRL-SAR-1713747762
2024-04-21 22:02:43 :: INFO :: 97 of 100 - BRL-SEK - Transforming..
2024-04-21 22:02:43 :: INFO :: 97 of 100 - BRL-SEK - Loading...
2024-04-21 22:02:43 :: INFO :: 97 of 100 - BRL-SEK - saved file: /Users/ivbarauna/repos/ETL-awesome-api/etl/utils/../../data/BRL-SEK-1713747762
2024-04-21 22:02:43 :: INFO :: 98 of 100 - BRL-THB - Transforming..
2024-04-21 22:02:43 :: INFO :: 98 of 100 - BRL-THB - Loading...
2024-04-21 22:02:43 :: INFO :: 98 of 100 - BRL-THB - saved file: /Users/ivbarauna/repos/ETL-awesome-api/etl/utils/../../data/BRL-THB-1713747762
2024-04-21 22:02:43 :: INFO :: 99 of 100 - BRL-TRY - Transforming..
2024-04-21 22:02:43 :: INFO :: 99 of 100 - BRL-TRY - Loading...
2024-04-21 22:02:43 :: INFO :: 99 of 100 - BRL-TRY - saved file: /Users/ivbarauna/repos/ETL-awesome-api/etl/utils/../../data/BRL-TRY-1713747762
2024-04-21 22:02:43 :: INFO :: 100 of 100 - BRL-VEF - Transforming..
2024-04-21 22:02:43 :: INFO :: 100 of 100 - BRL-VEF - Loading...
2024-04-21 22:02:43 :: INFO :: 100 of 100 - BRL-VEF - saved file: /Users/ivbarauna/repos/ETL-awesome-api/etl/utils/../../data/BRL-VEF-1713747762
2024-04-21 22:02:43 :: INFO :: All files extracted in: /Users/ivbarauna/repos/ETL-awesome-api/etl/utils/../../data/
